~~~
<div id="406d0b7e-2784-4181-92d8-006691370f36" data-jscall-id="108">
  <div data-jscall-id="103">slider 1: 
    <input step="1" max="100" min="1" data-jscall-id="104" value="1" oninput="JSServe.update_obs('9571695662180466360', parseFloat(value))" type="range" />
    <p data-jscall-id="102">1</p>
  </div>
  <script data-jscall-id="105" type="text/javascript">
    window.__define = window.define;
    window.__require = window.require;
    window.define = undefined;
    window.require = undefined;

</script>
  <script data-jscall-id="106" type="text/javascript">
    window.define = window.__define;
    window.require = window.__require;
    window.__define = undefined;
    window.__require = undefined;

</script>
  <script data-jscall-id="107" type="text/javascript">
(()=> {
    JSServe.register_sub_session('406d0b7e-2784-4181-92d8-006691370f36')
    const init_data_b64 = 'H4sIAAAAAAAAA8VTy24TMRQV23zF3ZVKVWvPwzODVDZ0FQkKCrsKWWbmtnWZsUf2nTQRYlO+oEuWUKlhXz6CX+BvcCcltFKUiqYSXl3pnnPkc459NmvVtLaq+vL5z/Tkm66uijTjokiFiHjOEiFiwb43/kjStMWv6QJ7diXliRorXzrdUr+V8nI4emErXGAuve1cib9+OqTOGTjsTEnaGrBGdm2lCJ8aPJVjVXe4CR8HEM7OjjaErrW1Im2OwB7C3v5LMEHXgzIVWDpGB8Ou1gp6podT6z5AYz3VU1AecNJiSVg96wVLazxBK7HGBg3BLkiJgSjDgnBCUh6wdz1ygdnWxqB7G5YBvbjh4NNgdsM5X2p/tmebV7f8X3AW3RspvxP/Dx4LzmIWi7go8jTNWcbjZflX18IJF0mesCSNRJiyPGL5MuxcmOVBKhJRkkU5i+MiEtnaxb6+KbbPZ/c5DEcjdGPcnpcrr0uTisjp913oeknuW7DhCduNrbnE5j8HnNwfGn+Yt/1H8NaoyXrWVlf8P51ps25pKx/kA629eQRrPXfN2lZ/+b9j8Rs4HejthwUAAA=='
    JSServe.init_from_b64(init_data_b64)
    if (!true){
        JSServe.update_obs('5121590997213062734', true)
    }
})()
</script>
</div>
~~~
